<?xml version="1.0" encoding="UTF-8"?>
<!-- Generated by org.testng.reporters.JUnitXMLReporter -->
<testsuite ignored="0" hostname="DIGITAL-0072" failures="1" tests="1" name="Surefire test" time="0.079" errors="0" timestamp="2024-07-05T17:17:20 IST">
  <testcase classname="Run.TestRun" name="f1" time="0.0">
    <failure type="java.lang.RuntimeException" message="java.lang.NullPointerException: Cannot invoke &amp;quot;org.apache.poi.xssf.usermodel.XSSFWorkbook.getSheetIndex(String)&amp;quot; because &amp;quot;this.workbook&amp;quot; is null">
      <![CDATA[java.lang.RuntimeException: java.lang.NullPointerException: Cannot invoke "org.apache.poi.xssf.usermodel.XSSFWorkbook.getSheetIndex(String)" because "this.workbook" is null
at java.base/java.util.ArrayList.forEach(ArrayList.java:1511)
Caused by: java.lang.NullPointerException: Cannot invoke "org.apache.poi.xssf.usermodel.XSSFWorkbook.getSheetIndex(String)" because "this.workbook" is null
at Excel.ExcelReader.getRowCount(ExcelReader.java:42)
at Excel.ExcelUtils.getDataFromexcel(ExcelUtils.java:49)
at Run.TestRun.getTestData(TestRun.java:30)
... 30 more
... Removed 37 stack frames]]>
    </failure>
  </testcase> <!-- f1 -->
</testsuite> <!-- Surefire test -->
